2021-12-25 16:24:16 error: uncaughtException: @prisma/client did not initialize yet. Please run "prisma generate" and try to import it again.
In case this error is unexpected for you, please report it in https://github.com/prisma/prisma/issues
Error: @prisma/client did not initialize yet. Please run "prisma generate" and try to import it again.
In case this error is unexpected for you, please report it in https://github.com/prisma/prisma/issues
    at new PrismaClient (D:\Jay\Stock\stock-api\node_modules\.prisma\client\index.js:3:11)
    at new DatabaseService (D:\Jay\Stock\stock-api\src\config\db.ts:8:31)
    at _createInstance (D:\Jay\Stock\stock-api\node_modules\inversify\src\resolution\instantiation.ts:58:14)
    at resolveInstance (D:\Jay\Stock\stock-api\node_modules\inversify\src\resolution\instantiation.ts:145:18)
    at _getResolvedFromBinding (D:\Jay\Stock\stock-api\node_modules\inversify\src\resolution\resolver.ts:77:31)
    at D:\Jay\Stock\stock-api\node_modules\inversify\src\resolution\resolver.ts:111:18
    at _resolveInScope (D:\Jay\Stock\stock-api\node_modules\inversify\src\resolution\resolver.ts:100:12)
    at _resolveBinding (D:\Jay\Stock\stock-api\node_modules\inversify\src\resolution\resolver.ts:110:10)
    at D:\Jay\Stock\stock-api\node_modules\inversify\src\resolution\resolver.ts:41:14
    at childRequests.reduce.constructorInjections (D:\Jay\Stock\stock-api\node_modules\inversify\src\resolution\instantiation.ts:27:23)
2021-12-25 16:24:16 error: uncaughtException: @prisma/client did not initialize yet. Please run "prisma generate" and try to import it again.
In case this error is unexpected for you, please report it in https://github.com/prisma/prisma/issues
Error: @prisma/client did not initialize yet. Please run "prisma generate" and try to import it again.
In case this error is unexpected for you, please report it in https://github.com/prisma/prisma/issues
    at new PrismaClient (D:\Jay\Stock\stock-api\node_modules\.prisma\client\index.js:3:11)
    at new DatabaseService (D:\Jay\Stock\stock-api\src\config\db.ts:8:31)
    at _createInstance (D:\Jay\Stock\stock-api\node_modules\inversify\src\resolution\instantiation.ts:58:14)
    at resolveInstance (D:\Jay\Stock\stock-api\node_modules\inversify\src\resolution\instantiation.ts:145:18)
    at _getResolvedFromBinding (D:\Jay\Stock\stock-api\node_modules\inversify\src\resolution\resolver.ts:77:31)
    at D:\Jay\Stock\stock-api\node_modules\inversify\src\resolution\resolver.ts:111:18
    at _resolveInScope (D:\Jay\Stock\stock-api\node_modules\inversify\src\resolution\resolver.ts:100:12)
    at _resolveBinding (D:\Jay\Stock\stock-api\node_modules\inversify\src\resolution\resolver.ts:110:10)
    at D:\Jay\Stock\stock-api\node_modules\inversify\src\resolution\resolver.ts:41:14
    at childRequests.reduce.constructorInjections (D:\Jay\Stock\stock-api\node_modules\inversify\src\resolution\instantiation.ts:27:23)
2021-12-25 16:24:16 error: uncaughtException: @prisma/client did not initialize yet. Please run "prisma generate" and try to import it again.
In case this error is unexpected for you, please report it in https://github.com/prisma/prisma/issues
Error: @prisma/client did not initialize yet. Please run "prisma generate" and try to import it again.
In case this error is unexpected for you, please report it in https://github.com/prisma/prisma/issues
    at new PrismaClient (D:\Jay\Stock\stock-api\node_modules\.prisma\client\index.js:3:11)
    at new DatabaseService (D:\Jay\Stock\stock-api\src\config\db.ts:8:31)
    at _createInstance (D:\Jay\Stock\stock-api\node_modules\inversify\src\resolution\instantiation.ts:58:14)
    at resolveInstance (D:\Jay\Stock\stock-api\node_modules\inversify\src\resolution\instantiation.ts:145:18)
    at _getResolvedFromBinding (D:\Jay\Stock\stock-api\node_modules\inversify\src\resolution\resolver.ts:77:31)
    at D:\Jay\Stock\stock-api\node_modules\inversify\src\resolution\resolver.ts:111:18
    at _resolveInScope (D:\Jay\Stock\stock-api\node_modules\inversify\src\resolution\resolver.ts:100:12)
    at _resolveBinding (D:\Jay\Stock\stock-api\node_modules\inversify\src\resolution\resolver.ts:110:10)
    at D:\Jay\Stock\stock-api\node_modules\inversify\src\resolution\resolver.ts:41:14
    at childRequests.reduce.constructorInjections (D:\Jay\Stock\stock-api\node_modules\inversify\src\resolution\instantiation.ts:27:23)
2021-12-25 16:26:44 error: uncaughtException: @prisma/client did not initialize yet. Please run "prisma generate" and try to import it again.
In case this error is unexpected for you, please report it in https://github.com/prisma/prisma/issues
Error: @prisma/client did not initialize yet. Please run "prisma generate" and try to import it again.
In case this error is unexpected for you, please report it in https://github.com/prisma/prisma/issues
    at new PrismaClient (D:\Jay\Stock\stock-api\node_modules\.prisma\client\index.js:3:11)
    at new DatabaseService (D:\Jay\Stock\stock-api\src\config\db.ts:8:31)
    at _createInstance (D:\Jay\Stock\stock-api\node_modules\inversify\src\resolution\instantiation.ts:58:14)
    at resolveInstance (D:\Jay\Stock\stock-api\node_modules\inversify\src\resolution\instantiation.ts:145:18)
    at _getResolvedFromBinding (D:\Jay\Stock\stock-api\node_modules\inversify\src\resolution\resolver.ts:77:31)
    at D:\Jay\Stock\stock-api\node_modules\inversify\src\resolution\resolver.ts:111:18
    at _resolveInScope (D:\Jay\Stock\stock-api\node_modules\inversify\src\resolution\resolver.ts:100:12)
    at _resolveBinding (D:\Jay\Stock\stock-api\node_modules\inversify\src\resolution\resolver.ts:110:10)
    at D:\Jay\Stock\stock-api\node_modules\inversify\src\resolution\resolver.ts:41:14
    at childRequests.reduce.constructorInjections (D:\Jay\Stock\stock-api\node_modules\inversify\src\resolution\instantiation.ts:27:23)
2021-12-25 16:26:44 error: uncaughtException: @prisma/client did not initialize yet. Please run "prisma generate" and try to import it again.
In case this error is unexpected for you, please report it in https://github.com/prisma/prisma/issues
Error: @prisma/client did not initialize yet. Please run "prisma generate" and try to import it again.
In case this error is unexpected for you, please report it in https://github.com/prisma/prisma/issues
    at new PrismaClient (D:\Jay\Stock\stock-api\node_modules\.prisma\client\index.js:3:11)
    at new DatabaseService (D:\Jay\Stock\stock-api\src\config\db.ts:8:31)
    at _createInstance (D:\Jay\Stock\stock-api\node_modules\inversify\src\resolution\instantiation.ts:58:14)
    at resolveInstance (D:\Jay\Stock\stock-api\node_modules\inversify\src\resolution\instantiation.ts:145:18)
    at _getResolvedFromBinding (D:\Jay\Stock\stock-api\node_modules\inversify\src\resolution\resolver.ts:77:31)
    at D:\Jay\Stock\stock-api\node_modules\inversify\src\resolution\resolver.ts:111:18
    at _resolveInScope (D:\Jay\Stock\stock-api\node_modules\inversify\src\resolution\resolver.ts:100:12)
    at _resolveBinding (D:\Jay\Stock\stock-api\node_modules\inversify\src\resolution\resolver.ts:110:10)
    at D:\Jay\Stock\stock-api\node_modules\inversify\src\resolution\resolver.ts:41:14
    at childRequests.reduce.constructorInjections (D:\Jay\Stock\stock-api\node_modules\inversify\src\resolution\instantiation.ts:27:23)
2021-12-25 16:26:44 error: uncaughtException: @prisma/client did not initialize yet. Please run "prisma generate" and try to import it again.
In case this error is unexpected for you, please report it in https://github.com/prisma/prisma/issues
Error: @prisma/client did not initialize yet. Please run "prisma generate" and try to import it again.
In case this error is unexpected for you, please report it in https://github.com/prisma/prisma/issues
    at new PrismaClient (D:\Jay\Stock\stock-api\node_modules\.prisma\client\index.js:3:11)
    at new DatabaseService (D:\Jay\Stock\stock-api\src\config\db.ts:8:31)
    at _createInstance (D:\Jay\Stock\stock-api\node_modules\inversify\src\resolution\instantiation.ts:58:14)
    at resolveInstance (D:\Jay\Stock\stock-api\node_modules\inversify\src\resolution\instantiation.ts:145:18)
    at _getResolvedFromBinding (D:\Jay\Stock\stock-api\node_modules\inversify\src\resolution\resolver.ts:77:31)
    at D:\Jay\Stock\stock-api\node_modules\inversify\src\resolution\resolver.ts:111:18
    at _resolveInScope (D:\Jay\Stock\stock-api\node_modules\inversify\src\resolution\resolver.ts:100:12)
    at _resolveBinding (D:\Jay\Stock\stock-api\node_modules\inversify\src\resolution\resolver.ts:110:10)
    at D:\Jay\Stock\stock-api\node_modules\inversify\src\resolution\resolver.ts:41:14
    at childRequests.reduce.constructorInjections (D:\Jay\Stock\stock-api\node_modules\inversify\src\resolution\instantiation.ts:27:23)
2021-12-25 16:33:35 error: uncaughtException: Cannot read property 'getLogger' of undefined
TypeError: Cannot read property 'getLogger' of undefined
    at new TestService (D:\Jay\Stock\stock-api\src\services\TestService.ts:17:25)
    at createInstanceWithInjections (D:\Jay\Stock\stock-api\node_modules\inversify\src\resolution\instantiation.ts:67:17)
    at _createInstance (D:\Jay\Stock\stock-api\node_modules\inversify\src\resolution\instantiation.ts:55:16)
    at resolveInstance (D:\Jay\Stock\stock-api\node_modules\inversify\src\resolution\instantiation.ts:145:18)
    at _getResolvedFromBinding (D:\Jay\Stock\stock-api\node_modules\inversify\src\resolution\resolver.ts:77:31)
    at D:\Jay\Stock\stock-api\node_modules\inversify\src\resolution\resolver.ts:111:18
    at _resolveInScope (D:\Jay\Stock\stock-api\node_modules\inversify\src\resolution\resolver.ts:100:12)
    at _resolveBinding (D:\Jay\Stock\stock-api\node_modules\inversify\src\resolution\resolver.ts:110:10)
    at D:\Jay\Stock\stock-api\node_modules\inversify\src\resolution\resolver.ts:41:14
    at resolve (D:\Jay\Stock\stock-api\node_modules\inversify\src\resolution\resolver.ts:236:10)
2021-12-25 16:33:35 error: uncaughtException: Cannot read property 'getLogger' of undefined
TypeError: Cannot read property 'getLogger' of undefined
    at new TestService (D:\Jay\Stock\stock-api\src\services\TestService.ts:17:25)
    at createInstanceWithInjections (D:\Jay\Stock\stock-api\node_modules\inversify\src\resolution\instantiation.ts:67:17)
    at _createInstance (D:\Jay\Stock\stock-api\node_modules\inversify\src\resolution\instantiation.ts:55:16)
    at resolveInstance (D:\Jay\Stock\stock-api\node_modules\inversify\src\resolution\instantiation.ts:145:18)
    at _getResolvedFromBinding (D:\Jay\Stock\stock-api\node_modules\inversify\src\resolution\resolver.ts:77:31)
    at D:\Jay\Stock\stock-api\node_modules\inversify\src\resolution\resolver.ts:111:18
    at _resolveInScope (D:\Jay\Stock\stock-api\node_modules\inversify\src\resolution\resolver.ts:100:12)
    at _resolveBinding (D:\Jay\Stock\stock-api\node_modules\inversify\src\resolution\resolver.ts:110:10)
    at D:\Jay\Stock\stock-api\node_modules\inversify\src\resolution\resolver.ts:41:14
    at resolve (D:\Jay\Stock\stock-api\node_modules\inversify\src\resolution\resolver.ts:236:10)
2021-12-25 16:33:35 error: uncaughtException: Cannot read property 'getLogger' of undefined
TypeError: Cannot read property 'getLogger' of undefined
    at new TestService (D:\Jay\Stock\stock-api\src\services\TestService.ts:17:25)
    at createInstanceWithInjections (D:\Jay\Stock\stock-api\node_modules\inversify\src\resolution\instantiation.ts:67:17)
    at _createInstance (D:\Jay\Stock\stock-api\node_modules\inversify\src\resolution\instantiation.ts:55:16)
    at resolveInstance (D:\Jay\Stock\stock-api\node_modules\inversify\src\resolution\instantiation.ts:145:18)
    at _getResolvedFromBinding (D:\Jay\Stock\stock-api\node_modules\inversify\src\resolution\resolver.ts:77:31)
    at D:\Jay\Stock\stock-api\node_modules\inversify\src\resolution\resolver.ts:111:18
    at _resolveInScope (D:\Jay\Stock\stock-api\node_modules\inversify\src\resolution\resolver.ts:100:12)
    at _resolveBinding (D:\Jay\Stock\stock-api\node_modules\inversify\src\resolution\resolver.ts:110:10)
    at D:\Jay\Stock\stock-api\node_modules\inversify\src\resolution\resolver.ts:41:14
    at resolve (D:\Jay\Stock\stock-api\node_modules\inversify\src\resolution\resolver.ts:236:10)
